<?xml version="1.0" encoding="UTF-8"?>
<testsuite name="CalculatorJUnit5Test" tests="1" skipped="0" failures="0" errors="0" timestamp="2020-05-01T17:07:22" hostname="macbook-pro-borys.home" time="0.007">
  <properties/>
  <testcase name="testAddMaxInteger()" classname="CalculatorJUnit5Test" time="0.007"/>
  <system-out><![CDATA[]]></system-out>
  <system-err><![CDATA[]]></system-err>
</testsuite>
